<?xml version="1.0" encoding="UTF-8"?>
<robot generator="Robot 4.1.1 (Python 3.9.8 on darwin)" generated="20211118 12:00:32.801" rpa="false" schemaversion="2">
<suite id="s1" name="Taxi" source="/Users/rennycat/Documents/workspace/robot-framework/taxi.robot">
<test id="s1-t1" name="Taxi1">
<kw name="Open Browser" library="Selenium2Library">
<arg>${URL}</arg>
<arg>${BROWSER}</arg>
<doc>Opens a new browser instance to the optional ``url``.</doc>
<msg timestamp="20211118 12:00:33.606" level="INFO">Opening browser 'Chrome' to base url 'https://nhaidee.com/travel/%E0%B8%84%E0%B9%8D%E0%B8%B2%E0%B8%99%E0%B8%A7%E0%B8%93%E0%B8%84%E0%B9%88%E0%B8%B2%E0%B9%81%E0%B8%97%E0%B9%87%E0%B8%81%E0%B8%8B%E0%B8%B5%E0%B9%88/'.</msg>
<status status="PASS" starttime="20211118 12:00:33.603" endtime="20211118 12:00:44.628"/>
</kw>
<kw name="Input Text" library="Selenium2Library">
<arg>name=distance</arg>
<arg>1</arg>
<doc>Types the given ``text`` into the text field identified by ``locator``.</doc>
<msg timestamp="20211118 12:00:44.630" level="INFO">Typing text '1' into text field 'name=distance'.</msg>
<status status="PASS" starttime="20211118 12:00:44.629" endtime="20211118 12:00:44.988"/>
</kw>
<kw name="Input Text" library="Selenium2Library">
<arg>name=traffic</arg>
<arg>0</arg>
<doc>Types the given ``text`` into the text field identified by ``locator``.</doc>
<msg timestamp="20211118 12:00:44.989" level="INFO">Typing text '0' into text field 'name=traffic'.</msg>
<status status="PASS" starttime="20211118 12:00:44.988" endtime="20211118 12:00:45.178"/>
</kw>
<kw name="Submit Form" library="Selenium2Library">
<arg>id=c1</arg>
<doc>Submits a form identified by ``locator``.</doc>
<msg timestamp="20211118 12:00:45.180" level="INFO">Submitting form 'id=c1'.</msg>
<status status="PASS" starttime="20211118 12:00:45.179" endtime="20211118 12:00:45.234"/>
</kw>
<kw name="Element Attribute Value Should Be" library="Selenium2Library">
<arg>locator=calculated_Price</arg>
<arg>attribute=calculated_Price</arg>
<arg>expected=35.00</arg>
<doc>Verifies element identified by ``locator`` contains expected attribute value.</doc>
<kw name="Capture Page Screenshot" library="Selenium2Library">
<doc>Takes a screenshot of the current page and embeds it into a log file.</doc>
<msg timestamp="20211118 12:00:46.535" level="INFO" html="true">&lt;/td&gt;&lt;/tr&gt;&lt;tr&gt;&lt;td colspan="3"&gt;&lt;a href="selenium-screenshot-6.png"&gt;&lt;img src="selenium-screenshot-6.png" width="800px"&gt;&lt;/a&gt;</msg>
<status status="PASS" starttime="20211118 12:00:45.353" endtime="20211118 12:00:46.535"/>
</kw>
<msg timestamp="20211118 12:00:46.540" level="FAIL">Element 'calculated_Price' attribute should have value '35.00' (str) but its value was 'None' (nonetype).</msg>
<status status="FAIL" starttime="20211118 12:00:45.235" endtime="20211118 12:00:46.540"/>
</kw>
<kw name="Close Browser" library="Selenium2Library">
<doc>Closes the current browser.</doc>
<status status="NOT RUN" starttime="20211118 12:00:46.540" endtime="20211118 12:00:46.541"/>
</kw>
<status status="FAIL" starttime="20211118 12:00:33.594" endtime="20211118 12:00:46.541">Element 'calculated_Price' attribute should have value '35.00' (str) but its value was 'None' (nonetype).</status>
</test>
<status status="FAIL" starttime="20211118 12:00:32.804" endtime="20211118 12:00:46.545"/>
</suite>
<statistics>
<total>
<stat pass="0" fail="1" skip="0">All Tests</stat>
</total>
<tag>
</tag>
<suite>
<stat pass="0" fail="1" skip="0" id="s1" name="Taxi">Taxi</stat>
</suite>
</statistics>
<errors>
</errors>
</robot>
